{"E:\\WebS\\vue-file-preview\\src\\file-preview.vue": {"path":"E:\\WebS\\vue-file-preview\\src\\file-preview.vue","statementMap":{"0":{"start":{"line":2,"column":0},"end":{"line":null,"column":-1}},"1":{"start":{"line":3,"column":0},"end":{"line":null,"column":-1}},"2":{"start":{"line":4,"column":0},"end":{"line":null,"column":-1}},"3":{"start":{"line":10,"column":0},"end":{"line":null,"column":-1}},"4":{"start":{"line":12,"column":0},"end":{"line":null,"column":-1}},"5":{"start":{"line":20,"column":0},"end":{"line":null,"column":-1}},"6":{"start":{"line":24,"column":0},"end":{"line":null,"column":-1}},"7":{"start":{"line":39,"column":0},"end":{"line":null,"column":-1}},"8":{"start":{"line":58,"column":0},"end":{"line":null,"column":-1}},"9":{"start":{"line":60,"column":0},"end":{"line":null,"column":-1}},"10":{"start":{"line":64,"column":0},"end":{"line":null,"column":-1}},"11":{"start":{"line":67,"column":0},"end":{"line":null,"column":-1}}},"fnMap":{"0":{"name":"(anonymous_1)","decl":{"start":{"line":9,"column":0},"end":{"line":null,"column":-1}},"loc":{"start":{"line":9,"column":0},"end":{"line":30,"column":0}}},"1":{"name":"(anonymous_2)","decl":{"start":{"line":24,"column":0},"end":{"line":null,"column":-1}},"loc":{"start":{"line":24,"column":0},"end":{"line":null,"column":-1}}},"2":{"name":"(anonymous_3)","decl":{"start":{"line":39,"column":0},"end":{"line":null,"column":-1}},"loc":{"start":{"line":39,"column":0},"end":{"line":null,"column":-1}}}},"branchMap":{"0":{"loc":{"start":{"line":11,"column":0},"end":{"line":12,"column":0}},"type":"switch","locations":[{"start":{"line":11,"column":0},"end":{"line":12,"column":0}},{"start":{"line":19,"column":0},"end":{"line":20,"column":0}}]},"1":{"loc":{"start":{"line":59,"column":0},"end":{"line":60,"column":0}},"type":"switch","locations":[{"start":{"line":59,"column":0},"end":{"line":60,"column":0}}]},"2":{"loc":{"start":{"line":63,"column":0},"end":{"line":null,"column":-1}},"type":"default-arg","locations":[{"start":{"line":63,"column":0},"end":{"line":null,"column":-1}}]}},"s":{"0":1,"1":1,"2":1,"3":1,"4":0,"5":1,"6":1,"7":1,"8":0,"9":0,"10":0,"11":0},"f":{"0":1,"1":1,"2":1},"b":{"0":[0,1],"1":[0],"2":[0]}}
,"E:\\WebS\\vue-file-preview\\src\\components\\v-node.js": {"path":"E:\\WebS\\vue-file-preview\\src\\components\\v-node.js","statementMap":{"0":{"start":{"line":6,"column":4},"end":{"line":6,"column":20}}},"fnMap":{},"branchMap":{},"s":{"0":0},"f":{},"b":{},"_coverageSchema":"332fd63041d2c1bcb487cc26dd0d5f7d97098a6c","hash":"795c32dbf4600395bade554a353408ade2954d62"}
,"E:\\WebS\\vue-file-preview\\src\\package\\img.vue": {"path":"E:\\WebS\\vue-file-preview\\src\\package\\img.vue","statementMap":{"0":{"start":{"line":48,"column":0},"end":{"line":null,"column":-1}},"1":{"start":{"line":49,"column":0},"end":{"line":null,"column":-1}},"2":{"start":{"line":50,"column":0},"end":{"line":null,"column":-1}},"3":{"start":{"line":51,"column":0},"end":{"line":null,"column":-1}},"4":{"start":{"line":52,"column":0},"end":{"line":null,"column":-1}},"5":{"start":{"line":57,"column":0},"end":{"line":null,"column":-1}},"6":{"start":{"line":58,"column":0},"end":{"line":null,"column":-1}},"7":{"start":{"line":64,"column":0},"end":{"line":null,"column":-1}},"8":{"start":{"line":69,"column":0},"end":{"line":null,"column":-1}},"9":{"start":{"line":72,"column":0},"end":{"line":null,"column":-1}},"10":{"start":{"line":73,"column":0},"end":{"line":null,"column":-1}},"11":{"start":{"line":75,"column":0},"end":{"line":null,"column":-1}},"12":{"start":{"line":79,"column":0},"end":{"line":null,"column":-1}},"13":{"start":{"line":84,"column":0},"end":{"line":94,"column":0}},"14":{"start":{"line":85,"column":0},"end":{"line":null,"column":-1}},"15":{"start":{"line":86,"column":0},"end":{"line":null,"column":-1}},"16":{"start":{"line":87,"column":0},"end":{"line":null,"column":-1}},"17":{"start":{"line":91,"column":0},"end":{"line":93,"column":0}},"18":{"start":{"line":92,"column":0},"end":{"line":null,"column":-1}},"19":{"start":{"line":101,"column":0},"end":{"line":null,"column":-1}},"20":{"start":{"line":102,"column":0},"end":{"line":106,"column":0}},"21":{"start":{"line":103,"column":0},"end":{"line":null,"column":-1}},"22":{"start":{"line":105,"column":0},"end":{"line":null,"column":-1}},"23":{"start":{"line":109,"column":0},"end":{"line":null,"column":-1}},"24":{"start":{"line":110,"column":0},"end":{"line":null,"column":-1}},"25":{"start":{"line":124,"column":0},"end":{"line":null,"column":-1}},"26":{"start":{"line":126,"column":0},"end":{"line":null,"column":-1}},"27":{"start":{"line":127,"column":0},"end":{"line":158,"column":0}},"28":{"start":{"line":128,"column":0},"end":{"line":null,"column":-1}},"29":{"start":{"line":129,"column":0},"end":{"line":null,"column":-1}},"30":{"start":{"line":135,"column":0},"end":{"line":151,"column":0}},"31":{"start":{"line":136,"column":0},"end":{"line":null,"column":-1}},"32":{"start":{"line":137,"column":0},"end":{"line":null,"column":-1}},"33":{"start":{"line":138,"column":0},"end":{"line":151,"column":0}},"34":{"start":{"line":140,"column":0},"end":{"line":143,"column":0}},"35":{"start":{"line":141,"column":0},"end":{"line":null,"column":-1}},"36":{"start":{"line":142,"column":0},"end":{"line":null,"column":-1}},"37":{"start":{"line":145,"column":0},"end":{"line":null,"column":-1}},"38":{"start":{"line":146,"column":0},"end":{"line":null,"column":-1}},"39":{"start":{"line":147,"column":0},"end":{"line":null,"column":-1}},"40":{"start":{"line":148,"column":0},"end":{"line":null,"column":-1}},"41":{"start":{"line":149,"column":0},"end":{"line":151,"column":0}},"42":{"start":{"line":150,"column":0},"end":{"line":null,"column":-1}},"43":{"start":{"line":153,"column":0},"end":{"line":157,"column":0}},"44":{"start":{"line":154,"column":0},"end":{"line":null,"column":-1}},"45":{"start":{"line":156,"column":0},"end":{"line":null,"column":-1}},"46":{"start":{"line":159,"column":0},"end":{"line":null,"column":-1}}},"fnMap":{"0":{"name":"(anonymous_1)","decl":{"start":{"line":57,"column":0},"end":{"line":null,"column":-1}},"loc":{"start":{"line":57,"column":0},"end":{"line":null,"column":-1}}},"1":{"name":"(anonymous_2)","decl":{"start":{"line":58,"column":0},"end":{"line":null,"column":-1}},"loc":{"start":{"line":58,"column":0},"end":{"line":null,"column":-1}}},"2":{"name":"(anonymous_3)","decl":{"start":{"line":64,"column":0},"end":{"line":null,"column":-1}},"loc":{"start":{"line":64,"column":0},"end":{"line":null,"column":-1}}},"3":{"name":"(anonymous_4)","decl":{"start":{"line":84,"column":0},"end":{"line":null,"column":-1}},"loc":{"start":{"line":84,"column":0},"end":{"line":94,"column":0}}},"4":{"name":"arrayPropsConvert","decl":{"start":{"line":123,"column":0},"end":{"line":null,"column":-1}},"loc":{"start":{"line":123,"column":0},"end":{"line":160,"column":0}}}},"branchMap":{"0":{"loc":{"start":{"line":91,"column":0},"end":{"line":93,"column":0}},"type":"if","locations":[{"start":{"line":91,"column":0},"end":{"line":93,"column":0}},{"start":{"line":91,"column":0},"end":{"line":93,"column":0}}]},"1":{"loc":{"start":{"line":100,"column":0},"end":{"line":null,"column":-1}},"type":"default-arg","locations":[{"start":{"line":100,"column":0},"end":{"line":null,"column":-1}}]},"2":{"loc":{"start":{"line":102,"column":0},"end":{"line":106,"column":0}},"type":"if","locations":[{"start":{"line":102,"column":0},"end":{"line":106,"column":0}},{"start":{"line":102,"column":0},"end":{"line":106,"column":0}}]},"3":{"loc":{"start":{"line":102,"column":0},"end":{"line":null,"column":-1}},"type":"binary-expr","locations":[{"start":{"line":102,"column":0},"end":{"line":null,"column":-1}},{"start":{"line":102,"column":0},"end":{"line":null,"column":-1}}]},"4":{"loc":{"start":{"line":135,"column":0},"end":{"line":151,"column":0}},"type":"if","locations":[{"start":{"line":135,"column":0},"end":{"line":151,"column":0}},{"start":{"line":135,"column":0},"end":{"line":151,"column":0}}]},"5":{"loc":{"start":{"line":138,"column":0},"end":{"line":151,"column":0}},"type":"if","locations":[{"start":{"line":138,"column":0},"end":{"line":151,"column":0}},{"start":{"line":138,"column":0},"end":{"line":151,"column":0}}]},"6":{"loc":{"start":{"line":140,"column":0},"end":{"line":143,"column":0}},"type":"if","locations":[{"start":{"line":140,"column":0},"end":{"line":143,"column":0}},{"start":{"line":140,"column":0},"end":{"line":143,"column":0}}]},"7":{"loc":{"start":{"line":145,"column":0},"end":{"line":null,"column":-1}},"type":"binary-expr","locations":[{"start":{"line":145,"column":0},"end":{"line":null,"column":-1}},{"start":{"line":145,"column":0},"end":{"line":null,"column":-1}}]},"8":{"loc":{"start":{"line":146,"column":0},"end":{"line":null,"column":-1}},"type":"binary-expr","locations":[{"start":{"line":146,"column":0},"end":{"line":null,"column":-1}},{"start":{"line":146,"column":0},"end":{"line":null,"column":-1}}]},"9":{"loc":{"start":{"line":147,"column":0},"end":{"line":null,"column":-1}},"type":"binary-expr","locations":[{"start":{"line":147,"column":0},"end":{"line":null,"column":-1}},{"start":{"line":147,"column":0},"end":{"line":null,"column":-1}}]},"10":{"loc":{"start":{"line":148,"column":0},"end":{"line":null,"column":-1}},"type":"binary-expr","locations":[{"start":{"line":148,"column":0},"end":{"line":null,"column":-1}},{"start":{"line":148,"column":0},"end":{"line":null,"column":-1}}]},"11":{"loc":{"start":{"line":149,"column":0},"end":{"line":151,"column":0}},"type":"if","locations":[{"start":{"line":149,"column":0},"end":{"line":151,"column":0}},{"start":{"line":149,"column":0},"end":{"line":151,"column":0}}]},"12":{"loc":{"start":{"line":153,"column":0},"end":{"line":157,"column":0}},"type":"if","locations":[{"start":{"line":153,"column":0},"end":{"line":157,"column":0}},{"start":{"line":153,"column":0},"end":{"line":157,"column":0}}]},"13":{"loc":{"start":{"line":153,"column":0},"end":{"line":null,"column":-1}},"type":"binary-expr","locations":[{"start":{"line":153,"column":0},"end":{"line":null,"column":-1}},{"start":{"line":153,"column":0},"end":{"line":null,"column":-1}}]}},"s":{"0":2,"1":2,"2":2,"3":2,"4":2,"5":6,"6":2,"7":6,"8":6,"9":0,"10":0,"11":0,"12":6,"13":6,"14":6,"15":6,"16":6,"17":6,"18":6,"19":6,"20":6,"21":4,"22":2,"23":6,"24":6,"25":6,"26":6,"27":6,"28":0,"29":0,"30":0,"31":0,"32":0,"33":0,"34":0,"35":0,"36":0,"37":0,"38":0,"39":0,"40":0,"41":0,"42":0,"43":0,"44":0,"45":0,"46":6},"f":{"0":6,"1":2,"2":6,"3":6,"4":6},"b":{"0":[6,0],"1":[6],"2":[4,2],"3":[6,4],"4":[0,0],"5":[0,0],"6":[0,0],"7":[0,0],"8":[0,0],"9":[0,0],"10":[0,0],"11":[0,0],"12":[0,0],"13":[0,0]}}
,"E:\\WebS\\vue-file-preview\\src\\package\\md.vue": {"path":"E:\\WebS\\vue-file-preview\\src\\package\\md.vue","statementMap":{"0":{"start":{"line":22,"column":0},"end":{"line":null,"column":-1}},"1":{"start":{"line":24,"column":0},"end":{"line":null,"column":-1}},"2":{"start":{"line":61,"column":0},"end":{"line":null,"column":-1}},"3":{"start":{"line":86,"column":0},"end":{"line":null,"column":-1}},"4":{"start":{"line":92,"column":0},"end":{"line":null,"column":-1}}},"fnMap":{"0":{"name":"(anonymous_1)","decl":{"start":{"line":61,"column":0},"end":{"line":null,"column":-1}},"loc":{"start":{"line":61,"column":0},"end":{"line":null,"column":-1}}}},"branchMap":{},"s":{"0":1,"1":1,"2":0,"3":0,"4":0},"f":{"0":0},"b":{}}
,"E:\\WebS\\vue-file-preview\\src\\utils\\type.js": {"path":"E:\\WebS\\vue-file-preview\\src\\utils\\type.js","statementMap":{"0":{"start":{"line":2,"column":2},"end":{"line":2,"column":37}},"1":{"start":{"line":6,"column":15},"end":{"line":6,"column":30}},"2":{"start":{"line":7,"column":2},"end":{"line":7,"column":71}},"3":{"start":{"line":11,"column":2},"end":{"line":13,"column":3}},"4":{"start":{"line":12,"column":4},"end":{"line":12,"column":16}},"5":{"start":{"line":16,"column":14},"end":{"line":16,"column":30}},"6":{"start":{"line":17,"column":2},"end":{"line":22,"column":3}},"7":{"start":{"line":26,"column":2},"end":{"line":26,"column":24}},"8":{"start":{"line":30,"column":2},"end":{"line":32,"column":3}},"9":{"start":{"line":31,"column":4},"end":{"line":31,"column":71}},"10":{"start":{"line":33,"column":2},"end":{"line":33,"column":29}}},"fnMap":{"0":{"name":"isString","decl":{"start":{"line":1,"column":16},"end":{"line":1,"column":24}},"loc":{"start":{"line":1,"column":35},"end":{"line":3,"column":1}},"line":1},"1":{"name":"isObject","decl":{"start":{"line":5,"column":16},"end":{"line":5,"column":24}},"loc":{"start":{"line":5,"column":35},"end":{"line":8,"column":1}},"line":5},"2":{"name":"isFunction","decl":{"start":{"line":10,"column":16},"end":{"line":10,"column":26}},"loc":{"start":{"line":10,"column":37},"end":{"line":23,"column":1}},"line":10},"3":{"name":"isEqual","decl":{"start":{"line":25,"column":16},"end":{"line":25,"column":23}},"loc":{"start":{"line":25,"column":30},"end":{"line":27,"column":1}},"line":25},"4":{"name":"getTag","decl":{"start":{"line":29,"column":9},"end":{"line":29,"column":15}},"loc":{"start":{"line":29,"column":23},"end":{"line":34,"column":1}},"line":29}},"branchMap":{"0":{"loc":{"start":{"line":7,"column":9},"end":{"line":7,"column":71}},"type":"binary-expr","locations":[{"start":{"line":7,"column":9},"end":{"line":7,"column":25}},{"start":{"line":7,"column":30},"end":{"line":7,"column":47}},{"start":{"line":7,"column":51},"end":{"line":7,"column":70}}],"line":7},"1":{"loc":{"start":{"line":11,"column":2},"end":{"line":13,"column":3}},"type":"if","locations":[{"start":{"line":11,"column":2},"end":{"line":13,"column":3}},{"start":{"line":11,"column":2},"end":{"line":13,"column":3}}],"line":11},"2":{"loc":{"start":{"line":18,"column":4},"end":{"line":21,"column":27}},"type":"binary-expr","locations":[{"start":{"line":18,"column":4},"end":{"line":18,"column":30}},{"start":{"line":19,"column":4},"end":{"line":19,"column":35}},{"start":{"line":20,"column":4},"end":{"line":20,"column":39}},{"start":{"line":21,"column":4},"end":{"line":21,"column":27}}],"line":18},"3":{"loc":{"start":{"line":30,"column":2},"end":{"line":32,"column":3}},"type":"if","locations":[{"start":{"line":30,"column":2},"end":{"line":32,"column":3}},{"start":{"line":30,"column":2},"end":{"line":32,"column":3}}],"line":30},"4":{"loc":{"start":{"line":31,"column":11},"end":{"line":31,"column":71}},"type":"cond-expr","locations":[{"start":{"line":31,"column":33},"end":{"line":31,"column":53}},{"start":{"line":31,"column":56},"end":{"line":31,"column":71}}],"line":31}},"s":{"0":1,"1":2,"2":2,"3":1,"4":0,"5":1,"6":1,"7":1,"8":1,"9":0,"10":1},"f":{"0":1,"1":2,"2":1,"3":1,"4":1},"b":{"0":[2,2,1],"1":[0,1],"2":[1,0,0,0],"3":[0,1],"4":[0,0]},"_coverageSchema":"332fd63041d2c1bcb487cc26dd0d5f7d97098a6c","hash":"81ddcd72b23a03a09d08b332706bdd0bfd6574fe"}
,"E:\\WebS\\vue-file-preview\\src\\utils\\util.js": {"path":"E:\\WebS\\vue-file-preview\\src\\utils\\util.js","statementMap":{"0":{"start":{"line":6,"column":2},"end":{"line":8,"column":13}},"1":{"start":{"line":17,"column":2},"end":{"line":27,"column":3}},"2":{"start":{"line":18,"column":19},"end":{"line":18,"column":35}},"3":{"start":{"line":19,"column":4},"end":{"line":23,"column":5}},"4":{"start":{"line":20,"column":6},"end":{"line":22,"column":7}},"5":{"start":{"line":21,"column":8},"end":{"line":21,"column":43}},"6":{"start":{"line":24,"column":4},"end":{"line":24,"column":31}},"7":{"start":{"line":26,"column":4},"end":{"line":26,"column":38}},"8":{"start":{"line":35,"column":2},"end":{"line":37,"column":3}},"9":{"start":{"line":36,"column":4},"end":{"line":36,"column":13}},"10":{"start":{"line":39,"column":14},"end":{"line":39,"column":16}},"11":{"start":{"line":40,"column":2},"end":{"line":46,"column":3}},"12":{"start":{"line":41,"column":17},"end":{"line":41,"column":25}},"13":{"start":{"line":42,"column":4},"end":{"line":45,"column":6}},"14":{"start":{"line":47,"column":2},"end":{"line":47,"column":12}},"15":{"start":{"line":55,"column":2},"end":{"line":57,"column":3}},"16":{"start":{"line":56,"column":4},"end":{"line":56,"column":13}},"17":{"start":{"line":59,"column":2},"end":{"line":59,"column":24}},"18":{"start":{"line":68,"column":2},"end":{"line":68,"column":80}},"19":{"start":{"line":68,"column":48},"end":{"line":68,"column":79}},"20":{"start":{"line":79,"column":2},"end":{"line":81,"column":3}},"21":{"start":{"line":80,"column":4},"end":{"line":80,"column":12}},"22":{"start":{"line":83,"column":17},"end":{"line":83,"column":35}},"23":{"start":{"line":84,"column":19},"end":{"line":84,"column":39}},"24":{"start":{"line":85,"column":14},"end":{"line":85,"column":27}},"25":{"start":{"line":86,"column":2},"end":{"line":88,"column":3}},"26":{"start":{"line":87,"column":4},"end":{"line":87,"column":12}},"27":{"start":{"line":89,"column":2},"end":{"line":91,"column":3}},"28":{"start":{"line":90,"column":4},"end":{"line":90,"column":14}},"29":{"start":{"line":93,"column":2},"end":{"line":93,"column":52}}},"fnMap":{"0":{"name":"isHttpUrl","decl":{"start":{"line":5,"column":16},"end":{"line":5,"column":25}},"loc":{"start":{"line":5,"column":31},"end":{"line":9,"column":1}},"line":5},"1":{"name":"file2Uint8Arr","decl":{"start":{"line":16,"column":16},"end":{"line":16,"column":29}},"loc":{"start":{"line":16,"column":37},"end":{"line":28,"column":1}},"line":16},"2":{"name":"(anonymous_2)","decl":{"start":{"line":19,"column":20},"end":{"line":19,"column":21}},"loc":{"start":{"line":19,"column":32},"end":{"line":23,"column":5}},"line":19},"3":{"name":"Obj2Arr","decl":{"start":{"line":34,"column":16},"end":{"line":34,"column":23}},"loc":{"start":{"line":34,"column":29},"end":{"line":48,"column":1}},"line":34},"4":{"name":"str2Arr","decl":{"start":{"line":54,"column":16},"end":{"line":54,"column":23}},"loc":{"start":{"line":54,"column":29},"end":{"line":60,"column":1}},"line":54},"5":{"name":"getAlphaArr","decl":{"start":{"line":66,"column":16},"end":{"line":66,"column":27}},"loc":{"start":{"line":66,"column":30},"end":{"line":69,"column":1}},"line":66},"6":{"name":"(anonymous_6)","decl":{"start":{"line":68,"column":34},"end":{"line":68,"column":35}},"loc":{"start":{"line":68,"column":48},"end":{"line":68,"column":79}},"line":68},"7":{"name":"getAlphaIndex","decl":{"start":{"line":78,"column":16},"end":{"line":78,"column":29}},"loc":{"start":{"line":78,"column":48},"end":{"line":94,"column":1}},"line":78}},"branchMap":{"0":{"loc":{"start":{"line":17,"column":2},"end":{"line":27,"column":3}},"type":"if","locations":[{"start":{"line":17,"column":2},"end":{"line":27,"column":3}},{"start":{"line":17,"column":2},"end":{"line":27,"column":3}}],"line":17},"1":{"loc":{"start":{"line":20,"column":6},"end":{"line":22,"column":7}},"type":"if","locations":[{"start":{"line":20,"column":6},"end":{"line":22,"column":7}},{"start":{"line":20,"column":6},"end":{"line":22,"column":7}}],"line":20},"2":{"loc":{"start":{"line":35,"column":2},"end":{"line":37,"column":3}},"type":"if","locations":[{"start":{"line":35,"column":2},"end":{"line":37,"column":3}},{"start":{"line":35,"column":2},"end":{"line":37,"column":3}}],"line":35},"3":{"loc":{"start":{"line":55,"column":2},"end":{"line":57,"column":3}},"type":"if","locations":[{"start":{"line":55,"column":2},"end":{"line":57,"column":3}},{"start":{"line":55,"column":2},"end":{"line":57,"column":3}}],"line":55},"4":{"loc":{"start":{"line":78,"column":37},"end":{"line":78,"column":46}},"type":"default-arg","locations":[{"start":{"line":78,"column":45},"end":{"line":78,"column":46}}],"line":78},"5":{"loc":{"start":{"line":79,"column":2},"end":{"line":81,"column":3}},"type":"if","locations":[{"start":{"line":79,"column":2},"end":{"line":81,"column":3}},{"start":{"line":79,"column":2},"end":{"line":81,"column":3}}],"line":79},"6":{"loc":{"start":{"line":86,"column":2},"end":{"line":88,"column":3}},"type":"if","locations":[{"start":{"line":86,"column":2},"end":{"line":88,"column":3}},{"start":{"line":86,"column":2},"end":{"line":88,"column":3}}],"line":86},"7":{"loc":{"start":{"line":86,"column":6},"end":{"line":86,"column":36}},"type":"binary-expr","locations":[{"start":{"line":86,"column":6},"end":{"line":86,"column":19}},{"start":{"line":86,"column":23},"end":{"line":86,"column":36}}],"line":86},"8":{"loc":{"start":{"line":89,"column":2},"end":{"line":91,"column":3}},"type":"if","locations":[{"start":{"line":89,"column":2},"end":{"line":91,"column":3}},{"start":{"line":89,"column":2},"end":{"line":91,"column":3}}],"line":89},"9":{"loc":{"start":{"line":89,"column":6},"end":{"line":89,"column":33}},"type":"binary-expr","locations":[{"start":{"line":89,"column":6},"end":{"line":89,"column":11}},{"start":{"line":89,"column":15},"end":{"line":89,"column":33}}],"line":89}},"s":{"0":9,"1":0,"2":0,"3":0,"4":0,"5":0,"6":0,"7":0,"8":1,"9":0,"10":1,"11":1,"12":2,"13":2,"14":1,"15":1,"16":0,"17":1,"18":1,"19":26,"20":0,"21":0,"22":0,"23":0,"24":0,"25":0,"26":0,"27":0,"28":0,"29":0},"f":{"0":9,"1":0,"2":0,"3":1,"4":1,"5":1,"6":26,"7":0},"b":{"0":[0,0],"1":[0,0],"2":[0,1],"3":[0,1],"4":[0],"5":[0,0],"6":[0,0],"7":[0,0],"8":[0,0],"9":[0,0]},"_coverageSchema":"332fd63041d2c1bcb487cc26dd0d5f7d97098a6c","hash":"5973025d1b34c8baa41974f9dd5c32b31361e7ab"}
}
