{"D:\\WebS\\vue-file-preview\\src\\file-preview.vue": {"path":"D:\\WebS\\vue-file-preview\\src\\file-preview.vue","statementMap":{"0":{"start":{"line":2,"column":0},"end":{"line":2,"column":null}},"1":{"start":{"line":3,"column":0},"end":{"line":3,"column":null}},"2":{"start":{"line":9,"column":0},"end":{"line":9,"column":null}},"3":{"start":{"line":11,"column":0},"end":{"line":11,"column":null}},"4":{"start":{"line":13,"column":0},"end":{"line":13,"column":null}},"5":{"start":{"line":26,"column":0},"end":{"line":26,"column":null}},"6":{"start":{"line":31,"column":0},"end":{"line":31,"column":null}}},"fnMap":{"0":{"name":"(anonymous_1)","decl":{"start":{"line":8,"column":0},"end":{"line":8,"column":null}},"loc":{"start":{"line":8,"column":0},"end":{"line":17,"column":null}}},"1":{"name":"(anonymous_2)","decl":{"start":{"line":26,"column":0},"end":{"line":26,"column":null}},"loc":{"start":{"line":26,"column":0},"end":{"line":26,"column":null}}},"2":{"name":"(anonymous_3)","decl":{"start":{"line":31,"column":0},"end":{"line":31,"column":null}},"loc":{"start":{"line":31,"column":0},"end":{"line":31,"column":null}}}},"branchMap":{"0":{"loc":{"start":{"line":10,"column":0},"end":{"line":11,"column":null}},"type":"switch","locations":[{"start":{"line":10,"column":0},"end":{"line":11,"column":null}},{"start":{"line":12,"column":0},"end":{"line":13,"column":null}}]}},"s":{"0":1,"1":1,"2":1,"3":1,"4":0,"5":1,"6":1},"f":{"0":1,"1":1,"2":1},"b":{"0":[1,0]}}
,"D:\\WebS\\vue-file-preview\\src\\util.js": {"path":"D:\\WebS\\vue-file-preview\\src\\util.js","statementMap":{"0":{"start":{"line":7,"column":2},"end":{"line":17,"column":4}},"1":{"start":{"line":8,"column":4},"end":{"line":16,"column":5}},"2":{"start":{"line":9,"column":21},"end":{"line":9,"column":37}},"3":{"start":{"line":10,"column":6},"end":{"line":12,"column":7}},"4":{"start":{"line":11,"column":8},"end":{"line":11,"column":48}},"5":{"start":{"line":13,"column":6},"end":{"line":13,"column":33}},"6":{"start":{"line":15,"column":6},"end":{"line":15,"column":95}},"7":{"start":{"line":27,"column":4},"end":{"line":27,"column":54}},"8":{"start":{"line":31,"column":4},"end":{"line":33,"column":5}},"9":{"start":{"line":32,"column":6},"end":{"line":32,"column":73}},"10":{"start":{"line":34,"column":4},"end":{"line":34,"column":31}},"11":{"start":{"line":37,"column":2},"end":{"line":39,"column":3}},"12":{"start":{"line":38,"column":4},"end":{"line":38,"column":16}},"13":{"start":{"line":40,"column":2},"end":{"line":42,"column":3}},"14":{"start":{"line":41,"column":4},"end":{"line":41,"column":15}},"15":{"start":{"line":43,"column":14},"end":{"line":43,"column":19}},"16":{"start":{"line":44,"column":2},"end":{"line":46,"column":3}},"17":{"start":{"line":45,"column":4},"end":{"line":45,"column":40}},"18":{"start":{"line":47,"column":2},"end":{"line":47,"column":47}},"19":{"start":{"line":55,"column":2},"end":{"line":57,"column":3}},"20":{"start":{"line":56,"column":4},"end":{"line":56,"column":13}},"21":{"start":{"line":59,"column":14},"end":{"line":59,"column":16}},"22":{"start":{"line":60,"column":2},"end":{"line":65,"column":3}},"23":{"start":{"line":61,"column":4},"end":{"line":64,"column":6}},"24":{"start":{"line":66,"column":2},"end":{"line":66,"column":12}},"25":{"start":{"line":74,"column":2},"end":{"line":76,"column":68}},"26":{"start":{"line":76,"column":23},"end":{"line":76,"column":67}},"27":{"start":{"line":89,"column":2},"end":{"line":91,"column":3}},"28":{"start":{"line":90,"column":4},"end":{"line":90,"column":13}},"29":{"start":{"line":93,"column":19},"end":{"line":93,"column":21}},"30":{"start":{"line":94,"column":2},"end":{"line":99,"column":3}},"31":{"start":{"line":94,"column":15},"end":{"line":94,"column":31}},"32":{"start":{"line":95,"column":22},"end":{"line":95,"column":46}},"33":{"start":{"line":96,"column":4},"end":{"line":96,"column":50}},"34":{"start":{"line":96,"column":41},"end":{"line":96,"column":50}},"35":{"start":{"line":98,"column":4},"end":{"line":98,"column":30}},"36":{"start":{"line":101,"column":2},"end":{"line":101,"column":87}},"37":{"start":{"line":101,"column":48},"end":{"line":101,"column":79}}},"fnMap":{"0":{"name":"file2Uint8Arr","decl":{"start":{"line":6,"column":16},"end":{"line":6,"column":29}},"loc":{"start":{"line":6,"column":33},"end":{"line":18,"column":1}},"line":6},"1":{"name":"(anonymous_1)","decl":{"start":{"line":7,"column":21},"end":{"line":7,"column":22}},"loc":{"start":{"line":7,"column":42},"end":{"line":17,"column":3}},"line":7},"2":{"name":"(anonymous_2)","decl":{"start":{"line":10,"column":22},"end":{"line":10,"column":23}},"loc":{"start":{"line":10,"column":34},"end":{"line":12,"column":7}},"line":10},"3":{"name":"isPlainObject","decl":{"start":{"line":25,"column":16},"end":{"line":25,"column":29}},"loc":{"start":{"line":25,"column":37},"end":{"line":48,"column":1}},"line":25},"4":{"name":"isObjectLike","decl":{"start":{"line":26,"column":11},"end":{"line":26,"column":23}},"loc":{"start":{"line":26,"column":31},"end":{"line":28,"column":3}},"line":26},"5":{"name":"getTag","decl":{"start":{"line":30,"column":11},"end":{"line":30,"column":17}},"loc":{"start":{"line":30,"column":25},"end":{"line":35,"column":3}},"line":30},"6":{"name":"Obj2Arr","decl":{"start":{"line":54,"column":16},"end":{"line":54,"column":23}},"loc":{"start":{"line":54,"column":29},"end":{"line":67,"column":1}},"line":54},"7":{"name":"getAlphaArr","decl":{"start":{"line":73,"column":16},"end":{"line":73,"column":27}},"loc":{"start":{"line":73,"column":59},"end":{"line":77,"column":1}},"line":73},"8":{"name":"(anonymous_8)","decl":{"start":{"line":76,"column":9},"end":{"line":76,"column":10}},"loc":{"start":{"line":76,"column":23},"end":{"line":76,"column":67}},"line":76},"9":{"name":"getAlphaIndex","decl":{"start":{"line":88,"column":16},"end":{"line":88,"column":29}},"loc":{"start":{"line":88,"column":37},"end":{"line":102,"column":1}},"line":88},"10":{"name":"(anonymous_10)","decl":{"start":{"line":101,"column":27},"end":{"line":101,"column":28}},"loc":{"start":{"line":101,"column":48},"end":{"line":101,"column":79}},"line":101}},"branchMap":{"0":{"loc":{"start":{"line":8,"column":4},"end":{"line":16,"column":5}},"type":"if","locations":[{"start":{"line":8,"column":4},"end":{"line":16,"column":5}},{"start":{"line":8,"column":4},"end":{"line":16,"column":5}}],"line":8},"1":{"loc":{"start":{"line":27,"column":11},"end":{"line":27,"column":54}},"type":"binary-expr","locations":[{"start":{"line":27,"column":11},"end":{"line":27,"column":36}},{"start":{"line":27,"column":40},"end":{"line":27,"column":54}}],"line":27},"2":{"loc":{"start":{"line":31,"column":4},"end":{"line":33,"column":5}},"type":"if","locations":[{"start":{"line":31,"column":4},"end":{"line":33,"column":5}},{"start":{"line":31,"column":4},"end":{"line":33,"column":5}}],"line":31},"3":{"loc":{"start":{"line":32,"column":13},"end":{"line":32,"column":73}},"type":"cond-expr","locations":[{"start":{"line":32,"column":35},"end":{"line":32,"column":55}},{"start":{"line":32,"column":58},"end":{"line":32,"column":73}}],"line":32},"4":{"loc":{"start":{"line":37,"column":2},"end":{"line":39,"column":3}},"type":"if","locations":[{"start":{"line":37,"column":2},"end":{"line":39,"column":3}},{"start":{"line":37,"column":2},"end":{"line":39,"column":3}}],"line":37},"5":{"loc":{"start":{"line":37,"column":6},"end":{"line":37,"column":64}},"type":"binary-expr","locations":[{"start":{"line":37,"column":6},"end":{"line":37,"column":26}},{"start":{"line":37,"column":30},"end":{"line":37,"column":64}}],"line":37},"6":{"loc":{"start":{"line":40,"column":2},"end":{"line":42,"column":3}},"type":"if","locations":[{"start":{"line":40,"column":2},"end":{"line":42,"column":3}},{"start":{"line":40,"column":2},"end":{"line":42,"column":3}}],"line":40},"7":{"loc":{"start":{"line":55,"column":2},"end":{"line":57,"column":3}},"type":"if","locations":[{"start":{"line":55,"column":2},"end":{"line":57,"column":3}},{"start":{"line":55,"column":2},"end":{"line":57,"column":3}}],"line":55},"8":{"loc":{"start":{"line":73,"column":28},"end":{"line":73,"column":42}},"type":"default-arg","locations":[{"start":{"line":73,"column":41},"end":{"line":73,"column":42}}],"line":73},"9":{"loc":{"start":{"line":73,"column":44},"end":{"line":73,"column":57}},"type":"default-arg","locations":[{"start":{"line":73,"column":55},"end":{"line":73,"column":57}}],"line":73},"10":{"loc":{"start":{"line":89,"column":2},"end":{"line":91,"column":3}},"type":"if","locations":[{"start":{"line":89,"column":2},"end":{"line":91,"column":3}},{"start":{"line":89,"column":2},"end":{"line":91,"column":3}}],"line":89},"11":{"loc":{"start":{"line":96,"column":4},"end":{"line":96,"column":50}},"type":"if","locations":[{"start":{"line":96,"column":4},"end":{"line":96,"column":50}},{"start":{"line":96,"column":4},"end":{"line":96,"column":50}}],"line":96},"12":{"loc":{"start":{"line":96,"column":8},"end":{"line":96,"column":39}},"type":"binary-expr","locations":[{"start":{"line":96,"column":8},"end":{"line":96,"column":21}},{"start":{"line":96,"column":25},"end":{"line":96,"column":39}}],"line":96}},"s":{"0":0,"1":0,"2":0,"3":0,"4":0,"5":0,"6":0,"7":2,"8":2,"9":0,"10":2,"11":2,"12":0,"13":2,"14":0,"15":2,"16":2,"17":3,"18":2,"19":1,"20":0,"21":1,"22":1,"23":2,"24":1,"25":1,"26":26,"27":1,"28":0,"29":1,"30":1,"31":1,"32":2,"33":2,"34":0,"35":2,"36":1,"37":2},"f":{"0":0,"1":0,"2":0,"3":2,"4":2,"5":2,"6":1,"7":1,"8":26,"9":1,"10":2},"b":{"0":[0,0],"1":[2,2],"2":[0,2],"3":[0,0],"4":[0,2],"5":[2,2],"6":[0,2],"7":[0,1],"8":[1],"9":[1],"10":[0,1],"11":[0,2],"12":[2,2]},"_coverageSchema":"43e27e138ebf9cfc5966b082cf9a028302ed4184","hash":"74aa1bec917c1fe64e287d476e7470da8e829123"}
,"D:\\WebS\\vue-file-preview\\src\\previewers\\excel.vue": {"path":"D:\\WebS\\vue-file-preview\\src\\previewers\\excel.vue","statementMap":{"0":{"start":{"line":27,"column":0},"end":{"line":27,"column":null}},"1":{"start":{"line":28,"column":0},"end":{"line":28,"column":null}},"2":{"start":{"line":47,"column":0},"end":{"line":47,"column":null}},"3":{"start":{"line":55,"column":0},"end":{"line":55,"column":null}},"4":{"start":{"line":57,"column":0},"end":{"line":57,"column":null}},"5":{"start":{"line":60,"column":0},"end":{"line":66,"column":null}},"6":{"start":{"line":65,"column":0},"end":{"line":65,"column":null}},"7":{"start":{"line":68,"column":0},"end":{"line":68,"column":null}},"8":{"start":{"line":69,"column":0},"end":{"line":69,"column":null}},"9":{"start":{"line":70,"column":0},"end":{"line":70,"column":null}},"10":{"start":{"line":72,"column":0},"end":{"line":72,"column":null}},"11":{"start":{"line":73,"column":0},"end":{"line":73,"column":null}},"12":{"start":{"line":75,"column":0},"end":{"line":75,"column":null}},"13":{"start":{"line":88,"column":0},"end":{"line":88,"column":null}},"14":{"start":{"line":89,"column":0},"end":{"line":89,"column":null}},"15":{"start":{"line":90,"column":0},"end":{"line":90,"column":null}},"16":{"start":{"line":93,"column":0},"end":{"line":95,"column":null}},"17":{"start":{"line":94,"column":0},"end":{"line":94,"column":null}},"18":{"start":{"line":96,"column":0},"end":{"line":141,"column":null}},"19":{"start":{"line":97,"column":0},"end":{"line":97,"column":null}},"20":{"start":{"line":99,"column":0},"end":{"line":99,"column":null}},"21":{"start":{"line":100,"column":0},"end":{"line":117,"column":null}},"22":{"start":{"line":101,"column":0},"end":{"line":116,"column":null}},"23":{"start":{"line":102,"column":0},"end":{"line":102,"column":null}},"24":{"start":{"line":105,"column":0},"end":{"line":105,"column":null}},"25":{"start":{"line":106,"column":0},"end":{"line":106,"column":null}},"26":{"start":{"line":108,"column":0},"end":{"line":108,"column":null}},"27":{"start":{"line":109,"column":0},"end":{"line":109,"column":null}},"28":{"start":{"line":110,"column":0},"end":{"line":110,"column":null}},"29":{"start":{"line":112,"column":0},"end":{"line":112,"column":null}},"30":{"start":{"line":120,"column":0},"end":{"line":128,"column":null}},"31":{"start":{"line":121,"column":0},"end":{"line":121,"column":null}},"32":{"start":{"line":130,"column":0},"end":{"line":130,"column":null}},"33":{"start":{"line":131,"column":0},"end":{"line":137,"column":null}},"34":{"start":{"line":132,"column":0},"end":{"line":132,"column":null}},"35":{"start":{"line":134,"column":0},"end":{"line":134,"column":null}},"36":{"start":{"line":135,"column":0},"end":{"line":135,"column":null}},"37":{"start":{"line":136,"column":0},"end":{"line":136,"column":null}},"38":{"start":{"line":138,"column":0},"end":{"line":138,"column":null}},"39":{"start":{"line":140,"column":0},"end":{"line":140,"column":null}}},"fnMap":{"0":{"name":"(anonymous_1)","decl":{"start":{"line":46,"column":0},"end":{"line":46,"column":null}},"loc":{"start":{"line":46,"column":0},"end":{"line":52,"column":null}}},"1":{"name":"(anonymous_2)","decl":{"start":{"line":54,"column":0},"end":{"line":54,"column":null}},"loc":{"start":{"line":54,"column":0},"end":{"line":76,"column":null}}},"2":{"name":"(anonymous_3)","decl":{"start":{"line":72,"column":0},"end":{"line":72,"column":null}},"loc":{"start":{"line":72,"column":0},"end":{"line":72,"column":null}}},"3":{"name":"(anonymous_4)","decl":{"start":{"line":73,"column":0},"end":{"line":73,"column":null}},"loc":{"start":{"line":73,"column":0},"end":{"line":73,"column":null}}},"4":{"name":"(anonymous_5)","decl":{"start":{"line":87,"column":0},"end":{"line":87,"column":null}},"loc":{"start":{"line":87,"column":0},"end":{"line":91,"column":null}}},"5":{"name":"(anonymous_6)","decl":{"start":{"line":92,"column":0},"end":{"line":92,"column":null}},"loc":{"start":{"line":92,"column":0},"end":{"line":142,"column":null}}},"6":{"name":"(anonymous_7)","decl":{"start":{"line":96,"column":0},"end":{"line":96,"column":null}},"loc":{"start":{"line":96,"column":0},"end":{"line":141,"column":null}}},"7":{"name":"(anonymous_8)","decl":{"start":{"line":100,"column":0},"end":{"line":100,"column":null}},"loc":{"start":{"line":100,"column":0},"end":{"line":117,"column":null}}},"8":{"name":"(anonymous_9)","decl":{"start":{"line":112,"column":0},"end":{"line":112,"column":null}},"loc":{"start":{"line":112,"column":0},"end":{"line":112,"column":null}}},"9":{"name":"(anonymous_10)","decl":{"start":{"line":130,"column":0},"end":{"line":130,"column":null}},"loc":{"start":{"line":130,"column":0},"end":{"line":130,"column":null}}},"10":{"name":"(anonymous_11)","decl":{"start":{"line":131,"column":0},"end":{"line":131,"column":null}},"loc":{"start":{"line":131,"column":0},"end":{"line":137,"column":null}}},"11":{"name":"(anonymous_12)","decl":{"start":{"line":138,"column":0},"end":{"line":138,"column":null}},"loc":{"start":{"line":138,"column":0},"end":{"line":138,"column":null}}}},"branchMap":{"0":{"loc":{"start":{"line":57,"column":0},"end":{"line":57,"column":null}},"type":"if","locations":[{"start":{"line":57,"column":0},"end":{"line":57,"column":null}},{"start":{"line":57,"column":0},"end":{"line":57,"column":null}}]},"1":{"loc":{"start":{"line":60,"column":0},"end":{"line":66,"column":null}},"type":"if","locations":[{"start":{"line":60,"column":0},"end":{"line":66,"column":null}},{"start":{"line":60,"column":0},"end":{"line":66,"column":null}}]},"2":{"loc":{"start":{"line":60,"column":0},"end":{"line":60,"column":null}},"type":"binary-expr","locations":[{"start":{"line":60,"column":0},"end":{"line":60,"column":null}},{"start":{"line":60,"column":0},"end":{"line":60,"column":null}},{"start":{"line":60,"column":0},"end":{"line":60,"column":null}}]},"3":{"loc":{"start":{"line":93,"column":0},"end":{"line":95,"column":null}},"type":"if","locations":[{"start":{"line":93,"column":0},"end":{"line":95,"column":null}},{"start":{"line":93,"column":0},"end":{"line":95,"column":null}}]},"4":{"loc":{"start":{"line":101,"column":0},"end":{"line":116,"column":null}},"type":"if","locations":[{"start":{"line":101,"column":0},"end":{"line":116,"column":null}},{"start":{"line":101,"column":0},"end":{"line":116,"column":null}}]},"5":{"loc":{"start":{"line":120,"column":0},"end":{"line":128,"column":null}},"type":"if","locations":[{"start":{"line":120,"column":0},"end":{"line":128,"column":null}},{"start":{"line":120,"column":0},"end":{"line":128,"column":null}}]},"6":{"loc":{"start":{"line":132,"column":0},"end":{"line":132,"column":null}},"type":"if","locations":[{"start":{"line":132,"column":0},"end":{"line":132,"column":null}},{"start":{"line":132,"column":0},"end":{"line":132,"column":null}}]},"7":{"loc":{"start":{"line":138,"column":0},"end":{"line":138,"column":null}},"type":"if","locations":[{"start":{"line":138,"column":0},"end":{"line":138,"column":null}},{"start":{"line":138,"column":0},"end":{"line":138,"column":null}}]}},"s":{"0":1,"1":1,"2":0,"3":0,"4":0,"5":0,"6":0,"7":0,"8":0,"9":0,"10":0,"11":0,"12":0,"13":0,"14":0,"15":0,"16":0,"17":0,"18":0,"19":0,"20":0,"21":0,"22":0,"23":0,"24":0,"25":0,"26":0,"27":0,"28":0,"29":0,"30":0,"31":0,"32":0,"33":0,"34":0,"35":0,"36":0,"37":0,"38":0,"39":0},"f":{"0":0,"1":0,"2":0,"3":0,"4":0,"5":0,"6":0,"7":0,"8":0,"9":0,"10":0,"11":0},"b":{"0":[0,0],"1":[0,0],"2":[0,0,0],"3":[0,0],"4":[0,0],"5":[0,0],"6":[0,0],"7":[0,0]}}
,"D:\\WebS\\vue-file-preview\\src\\previewers\\img.vue": {"path":"D:\\WebS\\vue-file-preview\\src\\previewers\\img.vue","statementMap":{"0":{"start":{"line":21,"column":0},"end":{"line":21,"column":null}},"1":{"start":{"line":22,"column":0},"end":{"line":22,"column":null}},"2":{"start":{"line":38,"column":0},"end":{"line":38,"column":null}},"3":{"start":{"line":42,"column":0},"end":{"line":42,"column":null}},"4":{"start":{"line":48,"column":0},"end":{"line":48,"column":null}},"5":{"start":{"line":51,"column":0},"end":{"line":51,"column":null}},"6":{"start":{"line":54,"column":0},"end":{"line":77,"column":null}},"7":{"start":{"line":55,"column":0},"end":{"line":76,"column":null}},"8":{"start":{"line":56,"column":0},"end":{"line":56,"column":null}},"9":{"start":{"line":64,"column":0},"end":{"line":76,"column":null}},"10":{"start":{"line":65,"column":0},"end":{"line":65,"column":null}},"11":{"start":{"line":75,"column":0},"end":{"line":75,"column":null}},"12":{"start":{"line":78,"column":0},"end":{"line":78,"column":null}}},"fnMap":{"0":{"name":"(anonymous_1)","decl":{"start":{"line":38,"column":0},"end":{"line":38,"column":null}},"loc":{"start":{"line":38,"column":0},"end":{"line":38,"column":null}}},"1":{"name":"(anonymous_2)","decl":{"start":{"line":42,"column":0},"end":{"line":42,"column":null}},"loc":{"start":{"line":42,"column":0},"end":{"line":42,"column":null}}},"2":{"name":"(anonymous_3)","decl":{"start":{"line":47,"column":0},"end":{"line":47,"column":null}},"loc":{"start":{"line":47,"column":0},"end":{"line":49,"column":null}}},"3":{"name":"(anonymous_4)","decl":{"start":{"line":50,"column":0},"end":{"line":50,"column":null}},"loc":{"start":{"line":50,"column":0},"end":{"line":52,"column":null}}},"4":{"name":"(anonymous_5)","decl":{"start":{"line":53,"column":0},"end":{"line":53,"column":null}},"loc":{"start":{"line":53,"column":0},"end":{"line":79,"column":null}}},"5":{"name":"(anonymous_6)","decl":{"start":{"line":54,"column":0},"end":{"line":54,"column":null}},"loc":{"start":{"line":54,"column":0},"end":{"line":77,"column":null}}},"6":{"name":"(anonymous_7)","decl":{"start":{"line":78,"column":0},"end":{"line":78,"column":null}},"loc":{"start":{"line":78,"column":0},"end":{"line":78,"column":null}}}},"branchMap":{"0":{"loc":{"start":{"line":55,"column":0},"end":{"line":76,"column":null}},"type":"if","locations":[{"start":{"line":55,"column":0},"end":{"line":76,"column":null}},{"start":{"line":55,"column":0},"end":{"line":76,"column":null}}]},"1":{"loc":{"start":{"line":55,"column":0},"end":{"line":55,"column":null}},"type":"binary-expr","locations":[{"start":{"line":55,"column":0},"end":{"line":55,"column":null}},{"start":{"line":55,"column":0},"end":{"line":55,"column":null}}]},"2":{"loc":{"start":{"line":61,"column":0},"end":{"line":61,"column":null}},"type":"binary-expr","locations":[{"start":{"line":61,"column":0},"end":{"line":61,"column":null}},{"start":{"line":61,"column":0},"end":{"line":61,"column":null}}]},"3":{"loc":{"start":{"line":62,"column":0},"end":{"line":62,"column":null}},"type":"binary-expr","locations":[{"start":{"line":62,"column":0},"end":{"line":62,"column":null}},{"start":{"line":62,"column":0},"end":{"line":62,"column":null}}]},"4":{"loc":{"start":{"line":64,"column":0},"end":{"line":76,"column":null}},"type":"if","locations":[{"start":{"line":64,"column":0},"end":{"line":76,"column":null}},{"start":{"line":64,"column":0},"end":{"line":76,"column":null}}]},"5":{"loc":{"start":{"line":69,"column":0},"end":{"line":69,"column":null}},"type":"binary-expr","locations":[{"start":{"line":69,"column":0},"end":{"line":69,"column":null}},{"start":{"line":69,"column":0},"end":{"line":69,"column":null}}]},"6":{"loc":{"start":{"line":70,"column":0},"end":{"line":70,"column":null}},"type":"binary-expr","locations":[{"start":{"line":70,"column":0},"end":{"line":70,"column":null}},{"start":{"line":70,"column":0},"end":{"line":70,"column":null}}]},"7":{"loc":{"start":{"line":71,"column":0},"end":{"line":71,"column":null}},"type":"binary-expr","locations":[{"start":{"line":71,"column":0},"end":{"line":71,"column":null}},{"start":{"line":71,"column":0},"end":{"line":71,"column":null}}]},"8":{"loc":{"start":{"line":72,"column":0},"end":{"line":72,"column":null}},"type":"binary-expr","locations":[{"start":{"line":72,"column":0},"end":{"line":72,"column":null}},{"start":{"line":72,"column":0},"end":{"line":72,"column":null}}]}},"s":{"0":2,"1":2,"2":2,"3":1,"4":1,"5":1,"6":3,"7":2,"8":2,"9":0,"10":0,"11":0,"12":5},"f":{"0":2,"1":1,"2":1,"3":1,"4":3,"5":2,"6":2},"b":{"0":[2,0],"1":[2,2],"2":[2,2],"3":[2,2],"4":[0,0],"5":[0,0],"6":[0,0],"7":[0,0],"8":[0,0]}}
}
