TN:
SF:E:\WebS\vue-file-preview\src\file-preview.vue
FN:9,(anonymous_1)
FN:24,(anonymous_2)
FN:39,(anonymous_3)
FNF:3
FNH:3
FNDA:1,(anonymous_1)
FNDA:1,(anonymous_2)
FNDA:1,(anonymous_3)
DA:2,1
DA:3,1
DA:4,1
DA:10,1
DA:12,0
DA:20,1
DA:24,1
DA:39,1
DA:58,0
DA:60,0
DA:64,0
LF:11
LH:7
BRDA:11,0,0,0
BRDA:11,0,1,1
BRDA:59,1,0,0
BRF:3
BRH:1
end_of_record
TN:
SF:E:\WebS\vue-file-preview\src\components\v-node.js
FNF:0
FNH:0
DA:6,0
LF:1
LH:0
BRF:0
BRH:0
end_of_record
TN:
SF:E:\WebS\vue-file-preview\src\package\img.vue
FN:68,(anonymous_1)
FN:69,(anonymous_2)
FN:75,(anonymous_3)
FN:95,(anonymous_4)
FN:134,arrayPropsConvert
FNF:5
FNH:5
FNDA:7,(anonymous_1)
FNDA:3,(anonymous_2)
FNDA:7,(anonymous_3)
FNDA:7,(anonymous_4)
FNDA:7,arrayPropsConvert
DA:59,2
DA:60,2
DA:61,2
DA:62,2
DA:63,2
DA:68,7
DA:69,3
DA:75,7
DA:80,7
DA:83,0
DA:84,0
DA:86,0
DA:90,7
DA:95,7
DA:96,7
DA:97,7
DA:98,7
DA:102,7
DA:103,7
DA:112,7
DA:113,7
DA:114,4
DA:116,3
DA:120,7
DA:121,7
DA:135,7
DA:137,7
DA:138,7
DA:139,0
DA:140,0
DA:146,0
DA:147,0
DA:148,0
DA:149,0
DA:151,0
DA:152,0
DA:153,0
DA:156,0
DA:157,0
DA:158,0
DA:159,0
DA:160,0
DA:161,0
DA:164,0
DA:165,0
DA:167,0
DA:170,7
LF:47
LH:26
BRDA:102,0,0,7
BRDA:102,0,1,0
BRDA:111,1,0,7
BRDA:113,2,0,4
BRDA:113,2,1,3
BRDA:113,3,0,7
BRDA:113,3,1,4
BRDA:146,4,0,0
BRDA:146,4,1,0
BRDA:149,5,0,0
BRDA:149,5,1,0
BRDA:151,6,0,0
BRDA:151,6,1,0
BRDA:156,7,0,0
BRDA:156,7,1,0
BRDA:157,8,0,0
BRDA:157,8,1,0
BRDA:158,9,0,0
BRDA:158,9,1,0
BRDA:159,10,0,0
BRDA:159,10,1,0
BRDA:160,11,0,0
BRDA:160,11,1,0
BRDA:164,12,0,0
BRDA:164,12,1,0
BRDA:164,13,0,0
BRDA:164,13,1,0
BRF:27
BRH:6
end_of_record
TN:
SF:E:\WebS\vue-file-preview\src\package\md.vue
FN:61,(anonymous_1)
FNF:1
FNH:0
FNDA:0,(anonymous_1)
DA:22,1
DA:24,1
DA:61,0
DA:86,0
DA:92,0
LF:5
LH:2
BRF:0
BRH:0
end_of_record
TN:
SF:E:\WebS\vue-file-preview\src\utils\type.js
FN:1,isString
FN:5,isObject
FN:10,isFunction
FN:25,isArray
FN:29,isEqual
FN:33,getTag
FNF:6
FNH:6
FNDA:1,isString
FNDA:2,isObject
FNDA:1,isFunction
FNDA:1,isArray
FNDA:1,isEqual
FNDA:1,getTag
DA:2,1
DA:6,2
DA:7,2
DA:11,1
DA:12,0
DA:16,1
DA:17,1
DA:26,1
DA:30,1
DA:34,1
DA:35,0
DA:37,1
LF:12
LH:10
BRDA:7,0,0,2
BRDA:7,0,1,2
BRDA:7,0,2,1
BRDA:11,1,0,0
BRDA:11,1,1,1
BRDA:18,2,0,1
BRDA:18,2,1,0
BRDA:18,2,2,0
BRDA:18,2,3,0
BRDA:34,3,0,0
BRDA:34,3,1,1
BRDA:35,4,0,0
BRDA:35,4,1,0
BRF:13
BRH:6
end_of_record
TN:
SF:E:\WebS\vue-file-preview\src\utils\util.js
FN:5,isHttpUrl
FN:16,file2Uint8Arr
FN:19,(anonymous_2)
FN:34,Obj2Arr
FN:54,str2Arr
FN:66,getAlphaArr
FN:68,(anonymous_6)
FN:78,getAlphaIndex
FNF:8
FNH:5
FNDA:9,isHttpUrl
FNDA:0,file2Uint8Arr
FNDA:0,(anonymous_2)
FNDA:1,Obj2Arr
FNDA:1,str2Arr
FNDA:1,getAlphaArr
FNDA:26,(anonymous_6)
FNDA:0,getAlphaIndex
DA:6,9
DA:17,0
DA:18,0
DA:19,0
DA:20,0
DA:21,0
DA:24,0
DA:26,0
DA:35,1
DA:36,0
DA:39,1
DA:40,1
DA:41,2
DA:42,2
DA:47,1
DA:55,1
DA:56,0
DA:59,1
DA:68,26
DA:79,0
DA:80,0
DA:83,0
DA:84,0
DA:85,0
DA:86,0
DA:87,0
DA:89,0
DA:90,0
DA:93,0
LF:29
LH:10
BRDA:17,0,0,0
BRDA:17,0,1,0
BRDA:20,1,0,0
BRDA:20,1,1,0
BRDA:35,2,0,0
BRDA:35,2,1,1
BRDA:55,3,0,0
BRDA:55,3,1,1
BRDA:78,4,0,0
BRDA:79,5,0,0
BRDA:79,5,1,0
BRDA:86,6,0,0
BRDA:86,6,1,0
BRDA:86,7,0,0
BRDA:86,7,1,0
BRDA:89,8,0,0
BRDA:89,8,1,0
BRDA:89,9,0,0
BRDA:89,9,1,0
BRF:19
BRH:2
end_of_record
