TN:
SF:E:\WebS\vue-file-preview\src\file-preview.vue
FN:9,(anonymous_1)
FN:24,(anonymous_2)
FN:39,(anonymous_3)
FNF:3
FNH:3
FNDA:1,(anonymous_1)
FNDA:1,(anonymous_2)
FNDA:1,(anonymous_3)
DA:2,1
DA:3,1
DA:4,1
DA:10,1
DA:12,0
DA:20,1
DA:24,1
DA:39,1
DA:58,0
DA:60,0
DA:64,0
DA:67,0
LF:12
LH:7
BRDA:11,0,0,0
BRDA:11,0,1,1
BRDA:59,1,0,0
BRDA:63,2,0,0
BRF:4
BRH:1
end_of_record
TN:
SF:E:\WebS\vue-file-preview\src\components\v-node.js
FNF:0
FNH:0
DA:6,0
LF:1
LH:0
BRF:0
BRH:0
end_of_record
TN:
SF:E:\WebS\vue-file-preview\src\package\img.vue
FN:57,(anonymous_1)
FN:58,(anonymous_2)
FN:64,(anonymous_3)
FN:84,(anonymous_4)
FN:123,arrayPropsConvert
FNF:5
FNH:5
FNDA:6,(anonymous_1)
FNDA:2,(anonymous_2)
FNDA:6,(anonymous_3)
FNDA:6,(anonymous_4)
FNDA:6,arrayPropsConvert
DA:48,2
DA:49,2
DA:50,2
DA:51,2
DA:52,2
DA:57,6
DA:58,2
DA:64,6
DA:69,6
DA:72,0
DA:73,0
DA:75,0
DA:79,6
DA:84,6
DA:85,6
DA:86,6
DA:87,6
DA:91,6
DA:92,6
DA:101,6
DA:102,6
DA:103,4
DA:105,2
DA:109,6
DA:110,6
DA:124,6
DA:126,6
DA:127,6
DA:128,0
DA:129,0
DA:135,0
DA:136,0
DA:137,0
DA:138,0
DA:140,0
DA:141,0
DA:142,0
DA:145,0
DA:146,0
DA:147,0
DA:148,0
DA:149,0
DA:150,0
DA:153,0
DA:154,0
DA:156,0
DA:159,6
LF:47
LH:26
BRDA:91,0,0,6
BRDA:91,0,1,0
BRDA:100,1,0,6
BRDA:102,2,0,4
BRDA:102,2,1,2
BRDA:102,3,0,6
BRDA:102,3,1,4
BRDA:135,4,0,0
BRDA:135,4,1,0
BRDA:138,5,0,0
BRDA:138,5,1,0
BRDA:140,6,0,0
BRDA:140,6,1,0
BRDA:145,7,0,0
BRDA:145,7,1,0
BRDA:146,8,0,0
BRDA:146,8,1,0
BRDA:147,9,0,0
BRDA:147,9,1,0
BRDA:148,10,0,0
BRDA:148,10,1,0
BRDA:149,11,0,0
BRDA:149,11,1,0
BRDA:153,12,0,0
BRDA:153,12,1,0
BRDA:153,13,0,0
BRDA:153,13,1,0
BRF:27
BRH:6
end_of_record
TN:
SF:E:\WebS\vue-file-preview\src\package\md.vue
FN:61,(anonymous_1)
FNF:1
FNH:0
FNDA:0,(anonymous_1)
DA:22,1
DA:24,1
DA:61,0
DA:86,0
DA:92,0
LF:5
LH:2
BRF:0
BRH:0
end_of_record
TN:
SF:E:\WebS\vue-file-preview\src\utils\type.js
FN:1,isString
FN:5,isObject
FN:10,isFunction
FN:25,isEqual
FN:29,getTag
FNF:5
FNH:5
FNDA:1,isString
FNDA:2,isObject
FNDA:1,isFunction
FNDA:1,isEqual
FNDA:1,getTag
DA:2,1
DA:6,2
DA:7,2
DA:11,1
DA:12,0
DA:16,1
DA:17,1
DA:26,1
DA:30,1
DA:31,0
DA:33,1
LF:11
LH:9
BRDA:7,0,0,2
BRDA:7,0,1,2
BRDA:7,0,2,1
BRDA:11,1,0,0
BRDA:11,1,1,1
BRDA:18,2,0,1
BRDA:18,2,1,0
BRDA:18,2,2,0
BRDA:18,2,3,0
BRDA:30,3,0,0
BRDA:30,3,1,1
BRDA:31,4,0,0
BRDA:31,4,1,0
BRF:13
BRH:6
end_of_record
TN:
SF:E:\WebS\vue-file-preview\src\utils\util.js
FN:5,isHttpUrl
FN:16,file2Uint8Arr
FN:19,(anonymous_2)
FN:34,Obj2Arr
FN:54,str2Arr
FN:66,getAlphaArr
FN:68,(anonymous_6)
FN:78,getAlphaIndex
FNF:8
FNH:5
FNDA:9,isHttpUrl
FNDA:0,file2Uint8Arr
FNDA:0,(anonymous_2)
FNDA:1,Obj2Arr
FNDA:1,str2Arr
FNDA:1,getAlphaArr
FNDA:26,(anonymous_6)
FNDA:0,getAlphaIndex
DA:6,9
DA:17,0
DA:18,0
DA:19,0
DA:20,0
DA:21,0
DA:24,0
DA:26,0
DA:35,1
DA:36,0
DA:39,1
DA:40,1
DA:41,2
DA:42,2
DA:47,1
DA:55,1
DA:56,0
DA:59,1
DA:68,26
DA:79,0
DA:80,0
DA:83,0
DA:84,0
DA:85,0
DA:86,0
DA:87,0
DA:89,0
DA:90,0
DA:93,0
LF:29
LH:10
BRDA:17,0,0,0
BRDA:17,0,1,0
BRDA:20,1,0,0
BRDA:20,1,1,0
BRDA:35,2,0,0
BRDA:35,2,1,1
BRDA:55,3,0,0
BRDA:55,3,1,1
BRDA:78,4,0,0
BRDA:79,5,0,0
BRDA:79,5,1,0
BRDA:86,6,0,0
BRDA:86,6,1,0
BRDA:86,7,0,0
BRDA:86,7,1,0
BRDA:89,8,0,0
BRDA:89,8,1,0
BRDA:89,9,0,0
BRDA:89,9,1,0
BRF:19
BRH:2
end_of_record
